INFO [2024-02-20 15:15:44] $fill
INFO [2024-02-20 15:15:44] [1] "#b9d982" "#D55E00"
INFO [2024-02-20 15:15:44] 
INFO [2024-02-20 15:15:44] $col
INFO [2024-02-20 15:15:44] [1] "white" "white"
INFO [2024-02-20 15:15:44] 
INFO [2024-02-20 15:15:44] $cat.col
INFO [2024-02-20 15:15:44] [1] "black" "black"
INFO [2024-02-20 15:15:44] 
INFO [2024-02-20 15:15:44] $cat.cex
INFO [2024-02-20 15:15:44] [1] 1
INFO [2024-02-20 15:15:44] 
INFO [2024-02-20 15:15:44] $cat.fontface
INFO [2024-02-20 15:15:44] [1] "plain"
INFO [2024-02-20 15:15:44] 
INFO [2024-02-20 15:15:44] $cat.fontfamily
INFO [2024-02-20 15:15:44] [1] "serif"
INFO [2024-02-20 15:15:44] 
INFO [2024-02-20 15:15:44] $x
INFO [2024-02-20 15:15:44] $x$hotspot_gr
INFO [2024-02-20 15:15:44]    [1] 39088 39089 39090 39091 39092 39093 39094 39095 39096 39097 39098 39099 39100 39101 39102 39103 39104 39105
INFO [2024-02-20 15:15:44]   [19] 39106 39107 39108 39109 39110 39111 39112 39113 39114 39115 39116 39117 39118 39119 39120 39121 39122 39123
INFO [2024-02-20 15:15:44]   [37] 39124 39125 39126 39127 39128 39129 39130 39131 39132 39133 39134 39135 39136 39137 39138 39139 39140 39141
INFO [2024-02-20 15:15:44]   [55] 39142 39143 39144 39145 39146 39147 39148 39149 39150 39151 39152 39153 39154 39155 39156 39157 39158 39159
INFO [2024-02-20 15:15:44]   [73] 39160 39161 39162 39163 39164 39165 39166 39167 39168 39169 39170 39171 39172 39173 39174 39175 39176 39177
INFO [2024-02-20 15:15:44]   [91] 39178 39179 39180 39181 39182 39183 39184 39185 39186 39187 39188 39189 39190 39191 39192 39193 39194 39195
INFO [2024-02-20 15:15:44]  [109] 39196 39197 39198 39199 39200 39201 39202 39203 39204 39205 39206 39207 39208 39209 39210 39211 39212 39213
INFO [2024-02-20 15:15:44]  [127] 39214 39215 39216 39217 39218 39219 39220 39221 39222 39223 39224 39225 39226 39227 39228 39229 39230 39231
INFO [2024-02-20 15:15:44]  [145] 39232 39233 39234 39235 39236 39237 39238 39239 39240 39241 39242 39243 39244 39245 39246 39247 39248 39249
INFO [2024-02-20 15:15:44]  [163] 39250 39251 39252 39253 39254 39255 39256 39257 39258 39259 39260 39261 39262 39263 39264 39265 39266 39267
INFO [2024-02-20 15:15:44]  [181] 39268 39269 39270 39271 39272 39273 39274 39275 39276 39277 39278 39279 39280 39281 39282 39283 39284 39285
INFO [2024-02-20 15:15:44]  [199] 39286 39287 39288 39289 39290 39291 39292 39293 39294 39295 39296 39297 39298 39299 39300 39301 39302 39303
INFO [2024-02-20 15:15:44]  [217] 39304 39305 39306 39307 39308 39309 39310 39311 39312 39313 39314 39315 39316 39317 39318 39319 39320 39321
INFO [2024-02-20 15:15:44]  [235] 39322 39323 39324 39325 39326 39327 39328 39329 39330 39331 39332 39333 39334 39335 39336 39337 39338 39339
INFO [2024-02-20 15:15:44]  [253] 39340 39341 39342 39343 39344 39345 39346 39347 39348 39349 39350 39351 39352 39353 39354 39355 39356 39357
INFO [2024-02-20 15:15:44]  [271] 39358 39359 39360 39361 39362 39363 39364 39365 39366 39367 39368 39369 39370 39371 39372 39373 39374 39375
INFO [2024-02-20 15:15:44]  [289] 39376 39377 39378 39379 39380 39381 39382 39383 39384 39385 39386 39387 39388 39389 39390 39391 39392 39393
INFO [2024-02-20 15:15:44]  [307] 39394 39395 39396 39397 39398 39399 39400 39401 39402 39403 39404 39405 39406 39407 39408 39409 39410 39411
INFO [2024-02-20 15:15:44]  [325] 39412 39413 39414 39415 39416 39417 39418 39419 39420 39421 39422 39423 39424 39425 39426 39427 39428 39429
INFO [2024-02-20 15:15:44]  [343] 39430 39431 39432 39433 39434 39435 39436 39437 39438 39439 39440 39441 39442 39443 39444 39445 39446 39447
INFO [2024-02-20 15:15:44]  [361] 39448 39449 39450 39451 39452 39453 39454 39455 39456 39457 39458 39459 39460 39461 39462 39463 39464 39465
INFO [2024-02-20 15:15:44]  [379] 39466 39467 39468 39469 39470 39471 39472 39473 39474 39475 39476 39477 39478 39479 39480 39481 39482 39483
INFO [2024-02-20 15:15:44]  [397] 39484 39485 39486 39487 39488 39489 39490 39491 39492 39493 39494 39495 39496 39497 39498 39499 39500 39501
INFO [2024-02-20 15:15:44]  [415] 39502 39503 39504 39505 39506 39507 39508 39509 39510 39511 39512 39513 39514 39515 39516 39517 39518 39519
INFO [2024-02-20 15:15:44]  [433] 39520 39521 39522 39523 39524 39525 39526 39527 39528 39529 39530 39531 39532 39533 39534 39535 39536 39537
INFO [2024-02-20 15:15:44]  [451] 39538 39539 39540 39541 39542 39543 39544 39545 39546 39547 39548 39549 39550 39551 39552 39553 39554 39555
INFO [2024-02-20 15:15:44]  [469] 39556 39557 39558 39559 39560 39561 39562 39563 39564 39565 39566 39567 39568 39569 39570 39571 39572 39573
INFO [2024-02-20 15:15:44]  [487] 39574 39575 39576 39577 39578 39579 39580 39581 39582 39583 39584 39585 39586 39587 39588 39589 39590 39591
INFO [2024-02-20 15:15:44]  [505] 39592 39593 39594 39595 39596 39597 39598 39599 39600 39601 39602 39603 39604 39605 39606 39607 39608 39609
INFO [2024-02-20 15:15:44]  [523] 39610 39611 39612 39613 39614 39615 39616 39617 39618 39619 39620 39621 39622 39623 39624 39625 39626 39627
INFO [2024-02-20 15:15:44]  [541] 39628 39629 39630 39631 39632 39633 39634 39635 39636 39637 39638 39639 39640 39641 39642 39643 39644 39645
INFO [2024-02-20 15:15:44]  [559] 39646 39647 39648 39649 39650 39651 39652 39653 39654 39655 39656 39657 39658 39659 39660 39661 39662 39663
INFO [2024-02-20 15:15:44]  [577] 39664 39665 39666 39667 39668 39669 39670 39671 39672 39673 39674 39675 39676 39677 39678 39679 39680 39681
INFO [2024-02-20 15:15:44]  [595] 39682 39683 39684 39685 39686 39687 39688 39689 39690 39691 39692 39693 39694 39695 39696 39697 39698 39699
INFO [2024-02-20 15:15:44]  [613] 39700 39701 39702 39703 39704 39705 39706 39707 39708 39709 39710 39711 39712 39713 39714 39715 39716 39717
INFO [2024-02-20 15:15:44]  [631] 39718 39719 39720 39721 39722 39723 39724 39725 39726 39727 39728 39729 39730 39731 39732 39733 39734 39735
INFO [2024-02-20 15:15:44]  [649] 39736 39737 39738 39739 39740 39741 39742 39743 39744 39745 39746 39747 39748 39749 39750 39751 39752 39753
INFO [2024-02-20 15:15:44]  [667] 39754 39755 39756 39757 39758 39759 39760 39761 39762 39763 39764 39765 39766 39767 39768 39769 39770 39771
INFO [2024-02-20 15:15:44]  [685] 39772 39773 39774 39775 39776 39777 39778 39779 39780 39781 39782 39783 39784 39785 39786 39787 39788 39789
INFO [2024-02-20 15:15:44]  [703] 39790 39791 39792 39793 39794 39795 39796 39797 39798 39799 39800 39801 39802 39803 39804 39805 39806 39807
INFO [2024-02-20 15:15:44]  [721] 39808 39809 39810 39811 39812 39813 39814 39815 39816 39817 39818 39819 39820 39821 39822 39823 39824 39825
INFO [2024-02-20 15:15:44]  [739] 39826 39827 39828 39829 39830 39831 39832 39833 39834 39835 39836 39837 39838 39839 39840 39841 39842 39843
INFO [2024-02-20 15:15:44]  [757] 39844 39845 39846 39847 39848 39849 39850 39851 39852 39853 39854 39855 39856 39857 39858 39859 39860 39861
INFO [2024-02-20 15:15:44]  [775] 39862 39863 39864 39865 39866 39867 39868 39869 39870 39871 39872 39873 39874 39875 39876 39877 39878 39879
INFO [2024-02-20 15:15:44]  [793] 39880 39881 39882 39883 39884 39885 39886 39887 39888 39889 39890 39891 39892 39893 39894 39895 39896 39897
INFO [2024-02-20 15:15:44]  [811] 39898 39899 39900 39901 39902 39903 39904 39905 39906 39907 39908 39909 39910 39911 39912 39913 39914 39915
INFO [2024-02-20 15:15:44]  [829] 39916 39917 39918 39919 39920 39921 39922 39923 39924 39925 39926 39927 39928 39929 39930 39931 39932 39933
INFO [2024-02-20 15:15:44]  [847] 39934 39935 39936 39937 39938 39939 39940 39941 39942 39943 39944 39945 39946 39947 39948 39949 39950 39951
INFO [2024-02-20 15:15:44]  [865] 39952 39953 39954 39955 39956 39957 39958 39959 39960 39961 39962 39963 39964 39965 39966 39967 39968 39969
INFO [2024-02-20 15:15:44]  [883] 39970 39971 39972 39973 39974 39975 39976 39977 39978 39979 39980 39981 39982 39983 39984 39985 39986 39987
INFO [2024-02-20 15:15:44]  [901] 39988 39989 39990 39991 39992 39993 39994 39995 39996 39997 39998 39999 40000 40001 40002 40003 40004 40005
INFO [2024-02-20 15:15:44]  [919] 40006 40007 40008 40009 40010 40011 40012 40013 40014 40015 40016 40017 40018 40019 40020 40021 40022 40023
INFO [2024-02-20 15:15:44]  [937] 40024 40025 40026 40027 40028 40029 40030 40031 40032 40033 40034 40035 40036 40037 40038 40039 40040 40041
INFO [2024-02-20 15:15:44]  [955] 40042 40043 40044 40045 40046 40047 40048 40049 40050 40051 40052 40053 40054 40055 40056 40057 40058 40059
INFO [2024-02-20 15:15:44]  [973] 40060 40061 40062 40063 40064 40065 40066 40067 40068 40069 40070 40071 40072 40073 40074 40075 40076 40077
INFO [2024-02-20 15:15:44]  [991] 40078 40079 40080 40081 40082 40083 40084 40085 40086 40087
INFO [2024-02-20 15:15:44]  [ reached getOption("max.print") -- omitted 1354 entries ]
INFO [2024-02-20 15:15:44] 
INFO [2024-02-20 15:15:44] $x$h3k9me3_gr
INFO [2024-02-20 15:15:44]    [1]    1    2    3    4    5    6    7    8    9   10   11   12   13   14   15   16   17   18   19   20   21
INFO [2024-02-20 15:15:44]   [22]   22   23   24   25   26   27   28   29   30   31   32   33   34   35   36   37   38   39   40   41   42
INFO [2024-02-20 15:15:44]   [43]   43   44   45   46   47   48   49   50   51   52   53   54   55   56   57   58   59   60   61   62   63
INFO [2024-02-20 15:15:44]   [64]   64   65   66   67   68   69   70   71   72   73   74   75   76   77   78   79   80   81   82   83   84
INFO [2024-02-20 15:15:44]   [85]   85   86   87   88   89   90   91   92   93   94   95   96   97   98   99  100  101  102  103  104  105
INFO [2024-02-20 15:15:44]  [106]  106  107  108  109  110  111  112  113  114  115  116  117  118  119  120  121  122  123  124  125  126
INFO [2024-02-20 15:15:44]  [127]  127  128  129  130  131  132  133  134  135  136  137  138  139  140  141  142  143  144  145  146  147
INFO [2024-02-20 15:15:44]  [148]  148  149  150  151  152  153  154  155  156  157  158  159  160  161  162  163  164  165  166  167  168
INFO [2024-02-20 15:15:44]  [169]  169  170  171  172  173  174  175  176  177  178  179  180  181  182  183  184  185  186  187  188  189
INFO [2024-02-20 15:15:44]  [190]  190  191  192  193  194  195  196  197  198  199  200  201  202  203  204  205  206  207  208  209  210
INFO [2024-02-20 15:15:44]  [211]  211  212  213  214  215  216  217  218  219  220  221  222  223  224  225  226  227  228  229  230  231
INFO [2024-02-20 15:15:44]  [232]  232  233  234  235  236  237  238  239  240  241  242  243  244  245  246  247  248  249  250  251  252
INFO [2024-02-20 15:15:44]  [253]  253  254  255  256  257  258  259  260  261  262  263  264  265  266  267  268  269  270  271  272  273
INFO [2024-02-20 15:15:44]  [274]  274  275  276  277  278  279  280  281  282  283  284  285  286  287  288  289  290  291  292  293  294
INFO [2024-02-20 15:15:44]  [295]  295  296  297  298  299  300  301  302  303  304  305  306  307  308  309  310  311  312  313  314  315
INFO [2024-02-20 15:15:44]  [316]  316  317  318  319  320  321  322  323  324  325  326  327  328  329  330  331  332  333  334  335  336
INFO [2024-02-20 15:15:44]  [337]  337  338  339  340  341  342  343  344  345  346  347  348  349  350  351  352  353  354  355  356  357
INFO [2024-02-20 15:15:44]  [358]  358  359  360  361  362  363  364  365  366  367  368  369  370  371  372  373  374  375  376  377  378
INFO [2024-02-20 15:15:44]  [379]  379  380  381  382  383  384  385  386  387  388  389  390  391  392  393  394  395  396  397  398  399
INFO [2024-02-20 15:15:44]  [400]  400  401  402  403  404  405  406  407  408  409  410  411  412  413  414  415  416  417  418  419  420
INFO [2024-02-20 15:15:44]  [421]  421  422  423  424  425  426  427  428  429  430  431  432  433  434  435  436  437  438  439  440  441
INFO [2024-02-20 15:15:44]  [442]  442  443  444  445  446  447  448  449  450  451  452  453  454  455  456  457  458  459  460  461  462
INFO [2024-02-20 15:15:44]  [463]  463  464  465  466  467  468  469  470  471  472  473  474  475  476  477  478  479  480  481  482  483
INFO [2024-02-20 15:15:44]  [484]  484  485  486  487  488  489  490  491  492  493  494  495  496  497  498  499  500  501  502  503  504
INFO [2024-02-20 15:15:44]  [505]  505  506  507  508  509  510  511  512  513  514  515  516  517  518  519  520  521  522  523  524  525
INFO [2024-02-20 15:15:44]  [526]  526  527  528  529  530  531  532  533  534  535  536  537  538  539  540  541  542  543  544  545  546
INFO [2024-02-20 15:15:44]  [547]  547  548  549  550  551  552  553  554  555  556  557  558  559  560  561  562  563  564  565  566  567
INFO [2024-02-20 15:15:44]  [568]  568  569  570  571  572  573  574  575  576  577  578  579  580  581  582  583  584  585  586  587  588
INFO [2024-02-20 15:15:44]  [589]  589  590  591  592  593  594  595  596  597  598  599  600  601  602  603  604  605  606  607  608  609
INFO [2024-02-20 15:15:44]  [610]  610  611  612  613  614  615  616  617  618  619  620  621  622  623  624  625  626  627  628  629  630
INFO [2024-02-20 15:15:44]  [631]  631  632  633  634  635  636  637  638  639  640  641  642  643  644  645  646  647  648  649  650  651
INFO [2024-02-20 15:15:44]  [652]  652  653  654  655  656  657  658  659  660  661  662  663  664  665  666  667  668  669  670  671  672
INFO [2024-02-20 15:15:44]  [673]  673  674  675  676  677  678  679  680  681  682  683  684  685  686  687  688  689  690  691  692  693
INFO [2024-02-20 15:15:44]  [694]  694  695  696  697  698  699  700  701  702  703  704  705  706  707  708  709  710  711  712  713  714
INFO [2024-02-20 15:15:44]  [715]  715  716  717  718  719  720  721  722  723  724  725  726  727  728  729  730  731  732  733  734  735
INFO [2024-02-20 15:15:44]  [736]  736  737  738  739  740  741  742  743  744  745  746  747  748  749  750  751  752  753  754  755  756
INFO [2024-02-20 15:15:44]  [757]  757  758  759  760  761  762  763  764  765  766  767  768  769  770  771  772  773  774  775  776  777
INFO [2024-02-20 15:15:44]  [778]  778  779  780  781  782  783  784  785  786  787  788  789  790  791  792  793  794  795  796  797  798
INFO [2024-02-20 15:15:44]  [799]  799  800  801  802  803  804  805  806  807  808  809  810  811  812  813  814  815  816  817  818  819
INFO [2024-02-20 15:15:44]  [820]  820  821  822  823  824  825  826  827  828  829  830  831  832  833  834  835  836  837  838  839  840
INFO [2024-02-20 15:15:44]  [841]  841  842  843  844  845  846  847  848  849  850  851  852  853  854  855  856  857  858  859  860  861
INFO [2024-02-20 15:15:44]  [862]  862  863  864  865  866  867  868  869  870  871  872  873  874  875  876  877  878  879  880  881  882
INFO [2024-02-20 15:15:44]  [883]  883  884  885  886  887  888  889  890  891  892  893  894  895  896  897  898  899  900  901  902  903
INFO [2024-02-20 15:15:44]  [904]  904  905  906  907  908  909  910  911  912  913  914  915  916  917  918  919  920  921  922  923  924
INFO [2024-02-20 15:15:44]  [925]  925  926  927  928  929  930  931  932  933  934  935  936  937  938  939  940  941  942  943  944  945
INFO [2024-02-20 15:15:44]  [946]  946  947  948  949  950  951  952  953  954  955  956  957  958  959  960  961  962  963  964  965  966
INFO [2024-02-20 15:15:44]  [967]  967  968  969  970  971  972  973  974  975  976  977  978  979  980  981  982  983  984  985  986  987
INFO [2024-02-20 15:15:44]  [988]  988  989  990  991  992  993  994  995  996  997  998  999 1000
INFO [2024-02-20 15:15:44]  [ reached getOption("max.print") -- omitted 38372 entries ]
INFO [2024-02-20 15:15:44] 
INFO [2024-02-20 15:15:44] 
INFO [2024-02-20 15:15:44] $filename
INFO [2024-02-20 15:15:44] NULL
INFO [2024-02-20 15:15:44] 
